(0000) 3000  0011000000000000 (   1)                 .ORIG x3000
(3000) E044  1110000001000100 (   2)                 LEA   R0 A
(3001) F022  1111000000100010 (   3)                 TRAP  x22
(3002) E012  1110000000010010 (   4)                 LEA   R0 AO
(3003) F022  1111000000100010 (   5)                 TRAP  x22
(3004) 2058  0010000001011000 (   6)                 LD    R0 LF
(3005) F021  1111000000100001 (   7)                 TRAP  x21
(3006) E046  1110000001000110 (   8)                 LEA   R0 B
(3007) F022  1111000000100010 (   9)                 TRAP  x22
(3008) E010  1110000000010000 (  10)                 LEA   R0 BO
(3009) F022  1111000000100010 (  11)                 TRAP  x22
(300A) 2052  0010000001010010 (  12)                 LD    R0 LF
(300B) F021  1111000000100001 (  13)                 TRAP  x21
(300C) E048  1110000001001000 (  14)                 LEA   R0 C
(300D) F022  1111000000100010 (  15)                 TRAP  x22
(300E) E010  1110000000010000 (  16)                 LEA   R0 CO
(300F) F022  1111000000100010 (  17)                 TRAP  x22
(3010) 204C  0010000001001100 (  18)                 LD    R0 LF
(3011) F021  1111000000100001 (  19)                 TRAP  x21
(3012) E04D  1110000001001101 (  20)                 LEA   R0 P1
(3013) F022  1111000000100010 (  21)                 TRAP  x22
(3014) 487A  0100100001111010 (  22)                 JSR   MAIN
(3015) 006F  0000000001101111 (  23) AO              .FILL x006F
(3016) 006F  0000000001101111 (  23)                 .FILL x006F
(3017) 006F  0000000001101111 (  23)                 .FILL x006F
(3018) 0000  0000000000000000 (  23)                 .FILL x0000
(3019) 006F  0000000001101111 (  24) BO              .FILL x006F
(301A) 006F  0000000001101111 (  24)                 .FILL x006F
(301B) 006F  0000000001101111 (  24)                 .FILL x006F
(301C) 006F  0000000001101111 (  24)                 .FILL x006F
(301D) 006F  0000000001101111 (  24)                 .FILL x006F
(301E) 0000  0000000000000000 (  24)                 .FILL x0000
(301F) 006F  0000000001101111 (  25) CO              .FILL x006F
(3020) 006F  0000000001101111 (  25)                 .FILL x006F
(3021) 006F  0000000001101111 (  25)                 .FILL x006F
(3022) 006F  0000000001101111 (  25)                 .FILL x006F
(3023) 006F  0000000001101111 (  25)                 .FILL x006F
(3024) 006F  0000000001101111 (  25)                 .FILL x006F
(3025) 006F  0000000001101111 (  25)                 .FILL x006F
(3026) 006F  0000000001101111 (  25)                 .FILL x006F
(3027) 0000  0000000000000000 (  25)                 .FILL x0000
(3028) FFBF  1111111110111111 (  26) NEGA            .FILL xFFBF
(3029) FFBE  1111111110111110 (  27) NEGB            .FILL xFFBE
(302A) FFBD  1111111110111101 (  28) NEGC            .FILL xFFBD
(302B) 0049  0000000001001001 (  29) INVA            .FILL x0049
(302C) 006E  0000000001101110 (  29)                 .FILL x006E
(302D) 0076  0000000001110110 (  29)                 .FILL x0076
(302E) 0061  0000000001100001 (  29)                 .FILL x0061
(302F) 006C  0000000001101100 (  29)                 .FILL x006C
(3030) 0069  0000000001101001 (  29)                 .FILL x0069
(3031) 0064  0000000001100100 (  29)                 .FILL x0064
(3032) 0020  0000000000100000 (  29)                 .FILL x0020
(3033) 006D  0000000001101101 (  29)                 .FILL x006D
(3034) 006F  0000000001101111 (  29)                 .FILL x006F
(3035) 0076  0000000001110110 (  29)                 .FILL x0076
(3036) 0065  0000000001100101 (  29)                 .FILL x0065
(3037) 002E  0000000000101110 (  29)                 .FILL x002E
(3038) 0020  0000000000100000 (  29)                 .FILL x0020
(3039) 0054  0000000001010100 (  29)                 .FILL x0054
(303A) 0072  0000000001110010 (  29)                 .FILL x0072
(303B) 0079  0000000001111001 (  29)                 .FILL x0079
(303C) 0020  0000000000100000 (  29)                 .FILL x0020
(303D) 0061  0000000001100001 (  29)                 .FILL x0061
(303E) 0067  0000000001100111 (  29)                 .FILL x0067
(303F) 0061  0000000001100001 (  29)                 .FILL x0061
(3040) 0069  0000000001101001 (  29)                 .FILL x0069
(3041) 006E  0000000001101110 (  29)                 .FILL x006E
(3042) 002E  0000000000101110 (  29)                 .FILL x002E
(3043) 0000  0000000000000000 (  29)                 .FILL x0000
(3044) 0000  0000000000000000 (  30) SAVELT          .FILL x0000
(3045) 0052  0000000001010010 (  31) A               .FILL x0052
(3046) 004F  0000000001001111 (  31)                 .FILL x004F
(3047) 0057  0000000001010111 (  31)                 .FILL x0057
(3048) 0020  0000000000100000 (  31)                 .FILL x0020
(3049) 0041  0000000001000001 (  31)                 .FILL x0041
(304A) 003A  0000000000111010 (  31)                 .FILL x003A
(304B) 0020  0000000000100000 (  31)                 .FILL x0020
(304C) 0000  0000000000000000 (  31)                 .FILL x0000
(304D) 0052  0000000001010010 (  32) B               .FILL x0052
(304E) 004F  0000000001001111 (  32)                 .FILL x004F
(304F) 0057  0000000001010111 (  32)                 .FILL x0057
(3050) 0020  0000000000100000 (  32)                 .FILL x0020
(3051) 0042  0000000001000010 (  32)                 .FILL x0042
(3052) 003A  0000000000111010 (  32)                 .FILL x003A
(3053) 0020  0000000000100000 (  32)                 .FILL x0020
(3054) 0000  0000000000000000 (  32)                 .FILL x0000
(3055) 0052  0000000001010010 (  33) C               .FILL x0052
(3056) 004F  0000000001001111 (  33)                 .FILL x004F
(3057) 0057  0000000001010111 (  33)                 .FILL x0057
(3058) 0020  0000000000100000 (  33)                 .FILL x0020
(3059) 0043  0000000001000011 (  33)                 .FILL x0043
(305A) 003A  0000000000111010 (  33)                 .FILL x003A
(305B) 0020  0000000000100000 (  33)                 .FILL x0020
(305C) 0000  0000000000000000 (  33)                 .FILL x0000
(305D) 000A  0000000000001010 (  34) LF              .FILL x000A
(305E) 0000  0000000000000000 (  35) SAVENM          .FILL x0000
(305F) FFD0  1111111111010000 (  36) NEG30           .FILL xFFD0
(3060) 0050  0000000001010000 (  37) P1              .FILL x0050
(3061) 006C  0000000001101100 (  37)                 .FILL x006C
(3062) 0061  0000000001100001 (  37)                 .FILL x0061
(3063) 0079  0000000001111001 (  37)                 .FILL x0079
(3064) 0065  0000000001100101 (  37)                 .FILL x0065
(3065) 0072  0000000001110010 (  37)                 .FILL x0072
(3066) 0020  0000000000100000 (  37)                 .FILL x0020
(3067) 0031  0000000000110001 (  37)                 .FILL x0031
(3068) 002C  0000000000101100 (  37)                 .FILL x002C
(3069) 0020  0000000000100000 (  37)                 .FILL x0020
(306A) 0063  0000000001100011 (  37)                 .FILL x0063
(306B) 0068  0000000001101000 (  37)                 .FILL x0068
(306C) 006F  0000000001101111 (  37)                 .FILL x006F
(306D) 006F  0000000001101111 (  37)                 .FILL x006F
(306E) 0073  0000000001110011 (  37)                 .FILL x0073
(306F) 0065  0000000001100101 (  37)                 .FILL x0065
(3070) 0020  0000000000100000 (  37)                 .FILL x0020
(3071) 0061  0000000001100001 (  37)                 .FILL x0061
(3072) 0020  0000000000100000 (  37)                 .FILL x0020
(3073) 0072  0000000001110010 (  37)                 .FILL x0072
(3074) 006F  0000000001101111 (  37)                 .FILL x006F
(3075) 0077  0000000001110111 (  37)                 .FILL x0077
(3076) 0020  0000000000100000 (  37)                 .FILL x0020
(3077) 0061  0000000001100001 (  37)                 .FILL x0061
(3078) 006E  0000000001101110 (  37)                 .FILL x006E
(3079) 0064  0000000001100100 (  37)                 .FILL x0064
(307A) 0020  0000000000100000 (  37)                 .FILL x0020
(307B) 006E  0000000001101110 (  37)                 .FILL x006E
(307C) 0075  0000000001110101 (  37)                 .FILL x0075
(307D) 006D  0000000001101101 (  37)                 .FILL x006D
(307E) 0062  0000000001100010 (  37)                 .FILL x0062
(307F) 0065  0000000001100101 (  37)                 .FILL x0065
(3080) 0072  0000000001110010 (  37)                 .FILL x0072
(3081) 0020  0000000000100000 (  37)                 .FILL x0020
(3082) 006F  0000000001101111 (  37)                 .FILL x006F
(3083) 0066  0000000001100110 (  37)                 .FILL x0066
(3084) 0020  0000000000100000 (  37)                 .FILL x0020
(3085) 0072  0000000001110010 (  37)                 .FILL x0072
(3086) 006F  0000000001101111 (  37)                 .FILL x006F
(3087) 0063  0000000001100011 (  37)                 .FILL x0063
(3088) 006B  0000000001101011 (  37)                 .FILL x006B
(3089) 0073  0000000001110011 (  37)                 .FILL x0073
(308A) 003A  0000000000111010 (  37)                 .FILL x003A
(308B) 0020  0000000000100000 (  37)                 .FILL x0020
(308C) 0000  0000000000000000 (  37)                 .FILL x0000
(308D) 006F  0000000001101111 (  38) BD              .FILL x006F
(308E) 0000  0000000000000000 (  39) PLYR            .FILL x0000
(308F) 48A9  0100100010101001 (  40) MAIN            JSR   CHECKW
(3090) F020  1111000000100000 (  41) INP             TRAP  x20
(3091) F021  1111000000100001 (  42)                 TRAP  x21
(3092) 31B1  0011000110110001 (  43)                 ST    R0 SAVELT
(3093) F020  1111000000100000 (  44)                 TRAP  x20
(3094) F021  1111000000100001 (  45)                 TRAP  x21
(3095) 31C8  0011000111001000 (  46)                 ST    R0 SAVENM
(3096) 23AD  0010001110101101 (  47)                 LD    R1 SAVELT
(3097) 2590  0010010110010000 (  48)                 LD    R2 NEGA
(3098) 1642  0001011001000010 (  49)                 ADD   R3 R1 R2
(3099) 0A01  0000101000000001 (  50)                 BRNP  NOA
(309A) 4818  0100100000011000 (  51)                 JSR   SUBA
(309B) 258D  0010010110001101 (  52) NOA             LD    R2 NEGB
(309C) 1642  0001011001000010 (  53)                 ADD   R3 R1 R2
(309D) 0A01  0000101000000001 (  54)                 BRNP  NOB
(309E) 4840  0100100001000000 (  55)                 JSR   SUBB
(309F) 258A  0010010110001010 (  56) NOB             LD    R2 NEGC
(30A0) 1642  0001011001000010 (  57)                 ADD   R3 R1 R2
(30A1) 0A01  0000101000000001 (  58)                 BRNP  NOC
(30A2) 4869  0100100001101001 (  59)                 JSR   SUBC
(30A3) 21B9  0010000110111001 (  60) NOC             LD    R0 LF
(30A4) F021  1111000000100001 (  61)                 TRAP  x21
(30A5) E185  1110000110000101 (  62)                 LEA   R0 INVA
(30A6) F022  1111000000100010 (  63)                 TRAP  x22
(30A7) 21B5  0010000110110101 (  64)                 LD    R0 LF
(30A8) F021  1111000000100001 (  65)                 TRAP  x21
(30A9) 2DE4  0010110111100100 (  66)                 LD    R6 PLYR
(30AA) 0A03  0000101000000011 (  67)                 BRNP  PY2
(30AB) E1B4  1110000110110100 (  68)                 LEA   R0 P1
(30AC) F022  1111000000100010 (  69)                 TRAP  x22
(30AD) 0FE2  0000111111100010 (  70)                 BRNZP INP
(30AE) E0B2  1110000010110010 (  71) PY2             LEA   R0 P2
(30AF) F022  1111000000100010 (  72)                 TRAP  x22
(30B0) 0FDF  0000111111011111 (  73)                 BRNZP INP
(30B1) 489B  0100100010011011 (  74) DATE            JSR   UPP
(30B2) 0FDC  0000111111011100 (  75)                 BRNZP MAIN
(30B3) 23AA  0010001110101010 (  76) SUBA            LD    R1 SAVENM
(30B4) 25AA  0010010110101010 (  77)                 LD    R2 NEG30
(30B5) 1242  0001001001000010 (  78)                 ADD   R1 R1 R2
(30B6) 0DEC  0000110111101100 (  79)                 BRNZ  NOC
(30B7) 24A6  0010010010100110 (  80)                 LD    R2 COUNTA
(30B8) 927F  1001001001111111 (  81)                 NOT   R1 R1
(30B9) 1261  0001001001100001 (  82)                 ADD   R1 R1 #1
(30BA) 1681  0001011010000001 (  83)                 ADD   R3 R2 R1
(30BB) 09E7  0000100111100111 (  84)                 BRN   NOC
(30BC) 36A1  0011011010100001 (  85)                 ST    R3 COUNTA
(30BD) 0A01  0000101000000001 (  86)                 BRNP  STA
(30BE) 487A  0100100001111010 (  87)                 JSR   CHECKW
(30BF) 219D  0010000110011101 (  88) STA             LD    R0 LF
(30C0) F021  1111000000100001 (  89)                 TRAP  x21
(30C1) F021  1111000000100001 (  90)                 TRAP  x21
(30C2) E182  1110000110000010 (  91)                 LEA   R0 A
(30C3) F022  1111000000100010 (  92)                 TRAP  x22
(30C4) 21C8  0010000111001000 (  93)                 LD    R0 BD
(30C5) 2698  0010011010011000 (  94)                 LD    R3 COUNTA
(30C6) 0403  0000010000000011 (  95)                 BRZ   STB
(30C7) F021  1111000000100001 (  96) COPA            TRAP  x21
(30C8) 16FF  0001011011111111 (  97)                 ADD   R3 R3 #-1
(30C9) 0BFD  0000101111111101 (  98)                 BRNP  COPA
(30CA) 2192  0010000110010010 (  99) STB             LD    R0 LF
(30CB) F021  1111000000100001 ( 100)                 TRAP  x21
(30CC) E180  1110000110000000 ( 101)                 LEA   R0 B
(30CD) F022  1111000000100010 ( 102)                 TRAP  x22
(30CE) 21BE  0010000110111110 ( 103)                 LD    R0 BD
(30CF) 268F  0010011010001111 ( 104)                 LD    R3 COUNTB
(30D0) 0403  0000010000000011 ( 105)                 BRZ   STC
(30D1) F021  1111000000100001 ( 106) COPB            TRAP  x21
(30D2) 16FF  0001011011111111 ( 107)                 ADD   R3 R3 #-1
(30D3) 0BFD  0000101111111101 ( 108)                 BRNP  COPB
(30D4) 2188  0010000110001000 ( 109) STC             LD    R0 LF
(30D5) F021  1111000000100001 ( 110)                 TRAP  x21
(30D6) E17E  1110000101111110 ( 111)                 LEA   R0 C
(30D7) F022  1111000000100010 ( 112)                 TRAP  x22
(30D8) 21B4  0010000110110100 ( 113)                 LD    R0 BD
(30D9) 2686  0010011010000110 ( 114)                 LD    R3 COUNTC
(30DA) 05D6  0000010111010110 ( 115)                 BRZ   DATE
(30DB) F021  1111000000100001 ( 116) COPC            TRAP  x21
(30DC) 16FF  0001011011111111 ( 117)                 ADD   R3 R3 #-1
(30DD) 0BFD  0000101111111101 ( 118)                 BRNP  COPC
(30DE) 0FD2  0000111111010010 ( 119)                 BRNZP DATE
(30DF) 247F  0010010001111111 ( 120) SUBB            LD    R2 COUNTB
(30E0) 297D  0010100101111101 ( 121)                 LD    R4 SAVENM
(30E1) 2B7D  0010101101111101 ( 122)                 LD    R5 NEG30
(30E2) 1905  0001100100000101 ( 123)                 ADD   R4 R4 R5
(30E3) 0DBF  0000110110111111 ( 124)                 BRNZ  NOC
(30E4) 993F  1001100100111111 ( 125)                 NOT   R4 R4
(30E5) 1921  0001100100100001 ( 126)                 ADD   R4 R4 #1
(30E6) 1A84  0001101010000100 ( 127)                 ADD   R5 R2 R4
(30E7) 09BB  0000100110111011 ( 128)                 BRN   NOC
(30E8) 3A76  0011101001110110 ( 129)                 ST    R5 COUNTB
(30E9) 1B60  0001101101100000 ( 130)                 ADD   R5 R5 #0
(30EA) 0A01  0000101000000001 ( 131)                 BRNP  STA2
(30EB) 484D  0100100001001101 ( 132)                 JSR   CHECKW
(30EC) 2170  0010000101110000 ( 133) STA2            LD    R0 LF
(30ED) F021  1111000000100001 ( 134)                 TRAP  x21
(30EE) F021  1111000000100001 ( 135)                 TRAP  x21
(30EF) E155  1110000101010101 ( 136)                 LEA   R0 A
(30F0) F022  1111000000100010 ( 137)                 TRAP  x22
(30F1) 219B  0010000110011011 ( 138)                 LD    R0 BD
(30F2) 266B  0010011001101011 ( 139)                 LD    R3 COUNTA
(30F3) 0403  0000010000000011 ( 140)                 BRZ   STB2
(30F4) F021  1111000000100001 ( 141) COA2            TRAP  x21
(30F5) 16FF  0001011011111111 ( 142)                 ADD   R3 R3 #-1
(30F6) 0BFD  0000101111111101 ( 143)                 BRNP  COA2
(30F7) 2165  0010000101100101 ( 144) STB2            LD    R0 LF
(30F8) F021  1111000000100001 ( 145)                 TRAP  x21
(30F9) E153  1110000101010011 ( 146)                 LEA   R0 B
(30FA) F022  1111000000100010 ( 147)                 TRAP  x22
(30FB) 2191  0010000110010001 ( 148)                 LD    R0 BD
(30FC) 2A62  0010101001100010 ( 149)                 LD    R5 COUNTB
(30FD) 0403  0000010000000011 ( 150)                 BRZ   STC2
(30FE) F021  1111000000100001 ( 151) COB2            TRAP  x21
(30FF) 1B7F  0001101101111111 ( 152)                 ADD   R5 R5 #-1
(3100) 0BFD  0000101111111101 ( 153)                 BRNP  COB2
(3101) 215B  0010000101011011 ( 154) STC2            LD    R0 LF
(3102) F021  1111000000100001 ( 155)                 TRAP  x21
(3103) E151  1110000101010001 ( 156)                 LEA   R0 C
(3104) F022  1111000000100010 ( 157)                 TRAP  x22
(3105) 2187  0010000110000111 ( 158)                 LD    R0 BD
(3106) 2659  0010011001011001 ( 159)                 LD    R3 COUNTC
(3107) 0403  0000010000000011 ( 160)                 BRZ   GOOD
(3108) F021  1111000000100001 ( 161) COC2            TRAP  x21
(3109) 16FF  0001011011111111 ( 162)                 ADD   R3 R3 #-1
(310A) 0BFD  0000101111111101 ( 163)                 BRNP  COC2
(310B) 0FA5  0000111110100101 ( 164) GOOD            BRNZP DATE
(310C) 2253  0010001001010011 ( 165) SUBC            LD    R1 COUNTC
(310D) 2550  0010010101010000 ( 166)                 LD    R2 SAVENM
(310E) 2750  0010011101010000 ( 167)                 LD    R3 NEG30
(310F) 1483  0001010010000011 ( 168)                 ADD   R2 R2 R3
(3110) 0D92  0000110110010010 ( 169)                 BRNZ  NOC
(3111) 94BF  1001010010111111 ( 170)                 NOT   R2 R2
(3112) 14A1  0001010010100001 ( 171)                 ADD   R2 R2 #1
(3113) 1642  0001011001000010 ( 172)                 ADD   R3 R1 R2
(3114) 098E  0000100110001110 ( 173)                 BRN   NOC
(3115) 364A  0011011001001010 ( 174)                 ST    R3 COUNTC
(3116) 16E0  0001011011100000 ( 175)                 ADD   R3 R3 #0
(3117) 0A01  0000101000000001 ( 176)                 BRNP  STA3
(3118) 4820  0100100000100000 ( 177)                 JSR   CHECKW
(3119) 2143  0010000101000011 ( 178) STA3            LD    R0 LF
(311A) F021  1111000000100001 ( 179)                 TRAP  x21
(311B) F021  1111000000100001 ( 180)                 TRAP  x21
(311C) E128  1110000100101000 ( 181)                 LEA   R0 A
(311D) F022  1111000000100010 ( 182)                 TRAP  x22
(311E) 216E  0010000101101110 ( 183)                 LD    R0 BD
(311F) 283E  0010100000111110 ( 184)                 LD    R4 COUNTA
(3120) 0403  0000010000000011 ( 185)                 BRZ   STB3
(3121) F021  1111000000100001 ( 186) COA3            TRAP  x21
(3122) 193F  0001100100111111 ( 187)                 ADD   R4 R4 #-1
(3123) 0BFD  0000101111111101 ( 188)                 BRNP  COA3
(3124) 2138  0010000100111000 ( 189) STB3            LD    R0 LF
(3125) F021  1111000000100001 ( 190)                 TRAP  x21
(3126) E126  1110000100100110 ( 191)                 LEA   R0 B
(3127) F022  1111000000100010 ( 192)                 TRAP  x22
(3128) 2164  0010000101100100 ( 193)                 LD    R0 BD
(3129) 2835  0010100000110101 ( 194)                 LD    R4 COUNTB
(312A) 0403  0000010000000011 ( 195)                 BRZ   STC3
(312B) F021  1111000000100001 ( 196) COB3            TRAP  x21
(312C) 193F  0001100100111111 ( 197)                 ADD   R4 R4 #-1
(312D) 0BFD  0000101111111101 ( 198)                 BRNP  COB3
(312E) 212E  0010000100101110 ( 199) STC3            LD    R0 LF
(312F) F021  1111000000100001 ( 200)                 TRAP  x21
(3130) E124  1110000100100100 ( 201)                 LEA   R0 C
(3131) F022  1111000000100010 ( 202)                 TRAP  x22
(3132) 215A  0010000101011010 ( 203)                 LD    R0 BD
(3133) 262C  0010011000101100 ( 204)                 LD    R3 COUNTC
(3134) 0403  0000010000000011 ( 205)                 BRZ   GO1
(3135) F021  1111000000100001 ( 206) COC3            TRAP  x21
(3136) 16FF  0001011011111111 ( 207)                 ADD   R3 R3 #-1
(3137) 0BFD  0000101111111101 ( 208)                 BRNP  COC3
(3138) 0F78  0000111101111000 ( 209) GO1             BRNZP DATE
(3139) 2224  0010001000100100 ( 210) CHECKW          LD    R1 COUNTA
(313A) 0401  0000010000000001 ( 211)                 BRZ   CHECKB
(313B) C1C0  1100000111000000 ( 212)                 RET   
(313C) 2422  0010010000100010 ( 213) CHECKB          LD    R2 COUNTB
(313D) 0401  0000010000000001 ( 214)                 BRZ   CHECKC
(313E) C1C0  1100000111000000 ( 215)                 RET   
(313F) 2420  0010010000100000 ( 216) CHECKC          LD    R2 COUNTC
(3140) 0401  0000010000000001 ( 217)                 BRZ   ALL
(3141) C1C0  1100000111000000 ( 218)                 RET   
(3142) 211A  0010000100011010 ( 219) ALL             LD    R0 LF
(3143) F021  1111000000100001 ( 220)                 TRAP  x21
(3144) F021  1111000000100001 ( 221)                 TRAP  x21
(3145) 2D48  0010110101001000 ( 222)                 LD    R6 PLYR
(3146) 0A03  0000101000000011 ( 223)                 BRNP  OTHER
(3147) E055  1110000001010101 ( 224)                 LEA   R0 W2
(3148) F022  1111000000100010 ( 225)                 TRAP  x22
(3149) 0E02  0000111000000010 ( 226)                 BRNZP END
(314A) E043  1110000001000011 ( 227) OTHER           LEA   R0 W1
(314B) F022  1111000000100010 ( 228)                 TRAP  x22
(314C) F025  1111000000100101 ( 229) END             TRAP  x25
(314D) 2140  0010000101000000 ( 230) UPP             LD    R0 PLYR
(314E) 0A07  0000101000000111 ( 231)                 BRNP  DIFF
(314F) 1DA1  0001110110100001 ( 232)                 ADD   R6 R6 #1
(3150) 210C  0010000100001100 ( 233)                 LD    R0 LF
(3151) F021  1111000000100001 ( 234)                 TRAP  x21
(3152) E00E  1110000000001110 ( 235)                 LEA   R0 P2
(3153) F022  1111000000100010 ( 236)                 TRAP  x22
(3154) 3D39  0011110100111001 ( 237)                 ST    R6 PLYR
(3155) 0E06  0000111000000110 ( 238)                 BRNZP BACK
(3156) 5DA0  0101110110100000 ( 239) DIFF            AND   R6 R6 #0
(3157) 2105  0010000100000101 ( 240)                 LD    R0 LF
(3158) F021  1111000000100001 ( 241)                 TRAP  x21
(3159) E106  1110000100000110 ( 242)                 LEA   R0 P1
(315A) F022  1111000000100010 ( 243)                 TRAP  x22
(315B) 3D32  0011110100110010 ( 244)                 ST    R6 PLYR
(315C) EF33  1110111100110011 ( 245) BACK            LEA   R7 INP
(315D) C1C0  1100000111000000 ( 246)                 RET   
(315E) 0003  0000000000000011 ( 247) COUNTA          .FILL x0003
(315F) 0005  0000000000000101 ( 248) COUNTB          .FILL x0005
(3160) 0008  0000000000001000 ( 249) COUNTC          .FILL x0008
(3161) 0050  0000000001010000 ( 250) P2              .FILL x0050
(3162) 006C  0000000001101100 ( 250)                 .FILL x006C
(3163) 0061  0000000001100001 ( 250)                 .FILL x0061
(3164) 0079  0000000001111001 ( 250)                 .FILL x0079
(3165) 0065  0000000001100101 ( 250)                 .FILL x0065
(3166) 0072  0000000001110010 ( 250)                 .FILL x0072
(3167) 0020  0000000000100000 ( 250)                 .FILL x0020
(3168) 0032  0000000000110010 ( 250)                 .FILL x0032
(3169) 002C  0000000000101100 ( 250)                 .FILL x002C
(316A) 0020  0000000000100000 ( 250)                 .FILL x0020
(316B) 0063  0000000001100011 ( 250)                 .FILL x0063
(316C) 0068  0000000001101000 ( 250)                 .FILL x0068
(316D) 006F  0000000001101111 ( 250)                 .FILL x006F
(316E) 006F  0000000001101111 ( 250)                 .FILL x006F
(316F) 0073  0000000001110011 ( 250)                 .FILL x0073
(3170) 0065  0000000001100101 ( 250)                 .FILL x0065
(3171) 0020  0000000000100000 ( 250)                 .FILL x0020
(3172) 0061  0000000001100001 ( 250)                 .FILL x0061
(3173) 0020  0000000000100000 ( 250)                 .FILL x0020
(3174) 0072  0000000001110010 ( 250)                 .FILL x0072
(3175) 006F  0000000001101111 ( 250)                 .FILL x006F
(3176) 0077  0000000001110111 ( 250)                 .FILL x0077
(3177) 0020  0000000000100000 ( 250)                 .FILL x0020
(3178) 0061  0000000001100001 ( 250)                 .FILL x0061
(3179) 006E  0000000001101110 ( 250)                 .FILL x006E
(317A) 0064  0000000001100100 ( 250)                 .FILL x0064
(317B) 0020  0000000000100000 ( 250)                 .FILL x0020
(317C) 006E  0000000001101110 ( 250)                 .FILL x006E
(317D) 0075  0000000001110101 ( 250)                 .FILL x0075
(317E) 006D  0000000001101101 ( 250)                 .FILL x006D
(317F) 0062  0000000001100010 ( 250)                 .FILL x0062
(3180) 0065  0000000001100101 ( 250)                 .FILL x0065
(3181) 0072  0000000001110010 ( 250)                 .FILL x0072
(3182) 0020  0000000000100000 ( 250)                 .FILL x0020
(3183) 006F  0000000001101111 ( 250)                 .FILL x006F
(3184) 0066  0000000001100110 ( 250)                 .FILL x0066
(3185) 0020  0000000000100000 ( 250)                 .FILL x0020
(3186) 0072  0000000001110010 ( 250)                 .FILL x0072
(3187) 006F  0000000001101111 ( 250)                 .FILL x006F
(3188) 0063  0000000001100011 ( 250)                 .FILL x0063
(3189) 006B  0000000001101011 ( 250)                 .FILL x006B
(318A) 0073  0000000001110011 ( 250)                 .FILL x0073
(318B) 003A  0000000000111010 ( 250)                 .FILL x003A
(318C) 0020  0000000000100000 ( 250)                 .FILL x0020
(318D) 0000  0000000000000000 ( 250)                 .FILL x0000
(318E) 0050  0000000001010000 ( 251) W1              .FILL x0050
(318F) 006C  0000000001101100 ( 251)                 .FILL x006C
(3190) 0061  0000000001100001 ( 251)                 .FILL x0061
(3191) 0079  0000000001111001 ( 251)                 .FILL x0079
(3192) 0065  0000000001100101 ( 251)                 .FILL x0065
(3193) 0072  0000000001110010 ( 251)                 .FILL x0072
(3194) 0020  0000000000100000 ( 251)                 .FILL x0020
(3195) 0031  0000000000110001 ( 251)                 .FILL x0031
(3196) 0020  0000000000100000 ( 251)                 .FILL x0020
(3197) 0057  0000000001010111 ( 251)                 .FILL x0057
(3198) 0069  0000000001101001 ( 251)                 .FILL x0069
(3199) 006E  0000000001101110 ( 251)                 .FILL x006E
(319A) 0073  0000000001110011 ( 251)                 .FILL x0073
(319B) 002E  0000000000101110 ( 251)                 .FILL x002E
(319C) 0000  0000000000000000 ( 251)                 .FILL x0000
(319D) 0050  0000000001010000 ( 252) W2              .FILL x0050
(319E) 006C  0000000001101100 ( 252)                 .FILL x006C
(319F) 0061  0000000001100001 ( 252)                 .FILL x0061
(31A0) 0079  0000000001111001 ( 252)                 .FILL x0079
(31A1) 0065  0000000001100101 ( 252)                 .FILL x0065
(31A2) 0072  0000000001110010 ( 252)                 .FILL x0072
(31A3) 0020  0000000000100000 ( 252)                 .FILL x0020
(31A4) 0032  0000000000110010 ( 252)                 .FILL x0032
(31A5) 0020  0000000000100000 ( 252)                 .FILL x0020
(31A6) 0057  0000000001010111 ( 252)                 .FILL x0057
(31A7) 0069  0000000001101001 ( 252)                 .FILL x0069
(31A8) 006E  0000000001101110 ( 252)                 .FILL x006E
(31A9) 0073  0000000001110011 ( 252)                 .FILL x0073
(31AA) 002E  0000000000101110 ( 252)                 .FILL x002E
(31AB) 0000  0000000000000000 ( 252)                 .FILL x0000
